<?xml version="1.0" encoding="UTF-8"?>
<!-- Generated by org.testng.reporters.JUnitReportReporter -->
<testsuite skipped="0" hostname="Desktop-7" name="com.test.seleniump.sampleselenium.TestngLocators" tests="1" failures="0" timestamp="20 May 2019 07:23:49 GMT" time="31.252" errors="0">
  <testcase name="f" time="31.252" classname="com.test.seleniump.sampleselenium.TestngLocators"/>
</testsuite> <!-- com.test.seleniump.sampleselenium.TestngLocators -->
